Starting audit...
[ERROR] H:\ADS1\practice\M18\Week-3_Assignment-1\Week-3_Assignment-1\Stock.java:0: File does not end with a newline. [NewlineAtEndOfFile]
[ERROR] H:\ADS1\practice\M18\Week-3_Assignment-1\Week-3_Assignment-1\Stock.java:5:1: File contains tab characters (this is the first instance). [FileTabCharacter]
[ERROR] H:\ADS1\practice\M18\Week-3_Assignment-1\Week-3_Assignment-1\Stock.java:5:9: Missing a Javadoc comment. [JavadocVariable]
[ERROR] H:\ADS1\practice\M18\Week-3_Assignment-1\Week-3_Assignment-1\Stock.java:5:23: Variable 'name' must be private and have accessor methods. [VisibilityModifier]
[ERROR] H:\ADS1\practice\M18\Week-3_Assignment-1\Week-3_Assignment-1\Stock.java:6:9: Missing a Javadoc comment. [JavadocVariable]
[ERROR] H:\ADS1\practice\M18\Week-3_Assignment-1\Week-3_Assignment-1\Stock.java:6:23: Variable 'change' must be private and have accessor methods. [VisibilityModifier]
[ERROR] H:\ADS1\practice\M18\Week-3_Assignment-1\Week-3_Assignment-1\Stock.java:7:9: Missing a Javadoc comment. [JavadocMethod]
[ERROR] H:\ADS1\practice\M18\Week-3_Assignment-1\Week-3_Assignment-1\Stock.java:7:9: Redundant 'public' modifier. [RedundantModifier]
[ERROR] H:\ADS1\practice\M18\Week-3_Assignment-1\Week-3_Assignment-1\Stock.java:7:22: Parameter name1 should be final. [FinalParameters]
[ERROR] H:\ADS1\practice\M18\Week-3_Assignment-1\Week-3_Assignment-1\Stock.java:7:36: Parameter change1 should be final. [FinalParameters]
[ERROR] H:\ADS1\practice\M18\Week-3_Assignment-1\Week-3_Assignment-1\Stock.java:11:9: Missing a Javadoc comment. [JavadocMethod]
[ERROR] H:\ADS1\practice\M18\Week-3_Assignment-1\Week-3_Assignment-1\Stock.java:14:9: Missing a Javadoc comment. [JavadocMethod]
[ERROR] H:\ADS1\practice\M18\Week-3_Assignment-1\Week-3_Assignment-1\Stock.java:18:9: Missing a Javadoc comment. [JavadocMethod]
[ERROR] H:\ADS1\practice\M18\Week-3_Assignment-1\Week-3_Assignment-1\Stock.java:21: Line has trailing spaces. [RegexpSingleline]
[ERROR] H:\ADS1\practice\M18\Week-3_Assignment-1\Week-3_Assignment-1\Stock.java:22:9: Missing a Javadoc comment. [JavadocMethod]
[ERROR] H:\ADS1\practice\M18\Week-3_Assignment-1\Week-3_Assignment-1\Stock.java:22:30: Parameter that should be final. [FinalParameters]
[ERROR] H:\ADS1\practice\M18\Week-3_Assignment-1\Week-3_Assignment-1\Stock.java:23:11: 'if' is not followed by whitespace. [WhitespaceAround]
[ERROR] H:\ADS1\practice\M18\Week-3_Assignment-1\Week-3_Assignment-1\Stock.java:26:11: 'if' is not followed by whitespace. [WhitespaceAround]
[ERROR] H:\ADS1\practice\M18\Week-3_Assignment-1\Week-3_Assignment-1\Stock.java:26:12: '(' is followed by whitespace. [ParenPad]
Audit done.
Checkstyle ends with 19 errors.
